<?xml version="1.0" encoding="UTF-8"?>
<!-- Generated by org.testng.reporters.JUnitReportReporter -->
<testsuite hostname="DESKTOP-59J64P1" failures="0" tests="1" name="one.Example1Test" time="5.788" errors="0" timestamp="2023-07-06T11:17:59 IST" skipped="0">
  <testcase classname="one.Example1Test" name="one" time="5.788"/>
  <system-out/>
</testsuite> <!-- one.Example1Test -->
