<?xml version="1.0" encoding="UTF-8"?>
<!-- Generated by org.testng.reporters.JUnitReportReporter -->
<testsuite hostname="DESKTOP-59J64P1" failures="0" tests="1" name="Example1Test" time="0.015" errors="0" timestamp="2023-07-06T11:04:12 IST" skipped="0">
  <testcase classname="Example1Test" name="one" time="0.015"/>
  <system-out/>
</testsuite> <!-- Example1Test -->
