<?xml version="1.0" encoding="UTF-8"?>
<!-- Generated by org.testng.reporters.JUnitReportReporter -->
<testsuite hostname="DESKTOP-59J64P1" failures="0" tests="1" name="Demo1Test" time="5.647" errors="0" timestamp="2023-07-06T10:52:42 IST" skipped="0">
  <testcase classname="Demo1Test" name="d1Test" time="5.647"/>
  <system-out/>
</testsuite> <!-- Demo1Test -->
